<?xml version="1.0" encoding="UTF-8"?>
<!-- Generated by org.testng.reporters.JUnitReportReporter -->
<testsuite hostname="LAPTOP-QB6PLH45" failures="0" tests="2" name="testrunner_onlineshop.Testrunner" time="10.718" errors="0" timestamp="2024-06-26T11:01:17 CDT" skipped="0">
  <testcase classname="testrunner_onlineshop.Testrunner" name="feature" time="8.327"/>
  <testcase classname="testrunner_onlineshop.Testrunner" name="feature" time="2.391"/>
</testsuite> <!-- testrunner_onlineshop.Testrunner -->
