<?xml version="1.0" encoding="UTF-8"?>
<!-- Generated by org.testng.reporters.JUnitReportReporter -->
<testsuite hostname="LAPTOP-QB6PLH45" failures="0" tests="1" name="testrunner_onlineshop.Testrunner" time="4.965" errors="0" timestamp="2024-06-21T11:54:11 CDT" skipped="0">
  <testcase classname="testrunner_onlineshop.Testrunner" name="feature" time="4.965"/>
</testsuite> <!-- testrunner_onlineshop.Testrunner -->
